<?xml version="1.0" encoding="UTF-8"?>
<!-- Generated by org.testng.reporters.JUnitXMLReporter -->
<testsuite ignored="0" hostname="DESKTOP-ITJOV93" failures="0" tests="5" name="Test" time="89.167" errors="0" timestamp="2023-09-19T23:27:29 IST">
  <testcase classname="org.planisphrer.TestingClassEdge" name="getBrowser" time="6.138"/>
  <testcase classname="org.planisphrer.TestingClassEdge" name="urlLanunched" time="4.159"/>
  <testcase classname="org.planisphrer.TestingClassEdge" name="loginDataEntering" time="17.318"/>
  <testcase classname="org.planisphrer.TestingClassEdge" name="reserveRoom" time="13.377"/>
  <testcase classname="org.planisphrer.TestingClassEdge" name="reserveConfirmation" time="47.092"/>
</testsuite> <!-- Test -->
